Unity Player [version: Unity 5.4.1f1_649f48bbbf0f]

buildº1.exe caused an Access Violation (0xc0000005)
  in module buildº1.exe at 0023:008aa1b6.

Error occurred at 2016-12-03_050650.
E:\documentos\Videojuegos\Cuarto_curso\Interaccion_Avanzada\Proyecto2\pruebas\Automatic Mesh generation\buildº1.exe, run by Richi.
83% memory in use.
0 MB physical memory [1311 MB free].
0 MB paging file [0 MB free].
0 MB user address space [3656 MB free].
Read from location 000005d4 caused an access violation.

Context:
EDI:    0x00000000  ESI: 0x0462bbb0  EAX:   0x0165dc14
EBX:    0x00416c63  ECX: 0x00000000  EDX:   0x00000002
EIP:    0x008aa1b6  EBP: 0x0165dc00  SegCs: 0x00000023
EFlags: 0x00210287  ESP: 0x0165dbfc  SegSs: 0x0000002b

Bytes at CS:EIP:
83 bf d4 05 00 00 00 75 07 32 c0 5f 5d c2 04 00 

Stack:
0x0165dbfc: 010e1f95 0165dc30 008929a9 0165dc14 ....0.e..)....e.
0x0165dc0c: 00000003 0462bbb0 666e6f63 74006769 ......b.config.t
0x0165dc1c: 74e57298 0165dc48 00000006 0000000f .r.tH.e.........
0x0165dc2c: 00000003 0165dc38 00891d37 0165dc50 ....8.e.7...P.e.
0x0165dc3c: 00891e26 00000002 00893b70 00000000 &.......p;......
0x0165dc4c: 012685f0 0165dc6c 00893bcf 00000003 ..&.l.e..;......
0x0165dc5c: e00259f1 600259f1 00416c63 00000000 .Y...Y.`clA.....
0x0165dc6c: 0165dca0 00890db5 0462bbb0 00000003 ..e.......b.....
0x0165dc7c: e00259f1 600259f1 00416c63 00000000 .Y...Y.`clA.....
0x0165dc8c: 00000003 0462bb58 00000000 012685f0 ....X.b.......&.
0x0165dc9c: 00000000 0165dd08 00891984 00000003 ......e.........
0x0165dcac: e00259f1 600259f1 00416c63 00000000 .Y...Y.`clA.....
0x0165dcbc: 012688f4 00000000 012688f4 00000000 ..&.......&.....
0x0165dccc: 00000000 00000000 03fc6660 03fd1980 ........`f......
0x0165dcdc: 0165dcec 00ed5ff7 03fc6660 03ffecf0 ..e.._..`f......
0x0165dcec: 0165dd10 00708883 045313e8 0165dd0c ..e...p...S...e.
0x0165dcfc: 00000000 c2dceefc 00000000 0165dd14 ..............e.
0x0165dd0c: 008919a7 00000003 0165dd30 002cf161 ........0.e.a.,.
0x0165dd1c: 0462bb58 00000000 00000000 03fc6660 X.b.........`f..
0x0165dd2c: 00000000 0165dd50 004b9ccf 00000000 ....P.e...K.....
0x0165dd3c: 00000006 00000000 fffffffe 74e56b00 .............k.t
0x0165dd4c: 00551494 0165dd80 005511d4 00000000 ..U...e...U.....
0x0165dd5c: 00000001 00000000 00550fd0 00000000 ..........U.....
0x0165dd6c: 00000000 0000001c 00000001 00000554 ............T...
0x0165dd7c: 00000000 0165ddac 74e562fa 00121c1e ......e..b.t....
0x0165dd8c: 00000006 00200001 00000000 00550fd0 ...... .......U.
0x0165dd9c: dcbaabcd 00000000 00000000 00550fd0 ..............U.
0x0165ddac: 0165de24 74e56d3a 00550fd0 00121c1e $.e.:m.t..U.....
0x0165ddbc: 00000006 00200001 00000000 aec843e2 ...... ......C..
0x0165ddcc: 00000000 00121c1e 00000001 00000024 ............$...
0x0165dddc: 00000001 00000000 00000000 00000030 ............0...
0x0165ddec: ffffffff ffffffff 74e56ce9 00000000 .........l.t....
0x0165ddfc: 0165de5c 00000001 00000000 00000000 \.e.............
0x0165de0c: 0165ddc8 0165d648 0165de74 74eba6e6 ..e.H.e.t.e....t
0x0165de1c: db48f09e 00000000 0165de84 74e56ded ..H.......e..m.t
0x0165de2c: 00000000 00550fd0 00121c1e 00000006 ......U.........
0x0165de3c: 00200001 00000000 01b88188 00000001 .. .............
0x0165de4c: aec84342 0165dfc4 00000000 00000000 BC....e.........
0x0165de5c: 0165deb8 74eba6e6 00000001 00000000 ..e....t........
0x0165de6c: 0165de4c 0165d648 0165ded0 74eba6e6 L.e.H.e...e....t
0x0165de7c: db48f3c6 fffffffe 0165dec0 74e56e4c ..H.......e.Ln.t
0x0165de8c: 01b88160 00000000 00000006 00200001 `............. .
0x0165de9c: 00000000 00550fd0 00000102 00000001 ......U.........
0x0165deac: 00000000 00000000 00000000 00000000 ................
0x0165debc: 00000000 0165df20 7747011a 0165ded8 .... .e...Gw..e.
0x0165decc: 00000000 0165df90 77470080 01b88160 ......e...Gw`...
0x0165dedc: 00000000 00000006 00200001 00000000 .......... .....
0x0165deec: 00550fd0 77492672 00000000 74e60745 ..U.r&Iw....E..t
0x0165defc: 74e606fb 0165dfc4 00191ad2 00000400 ...t..e.........
0x0165df0c: 00007fff 00000003 0165e18c fffdb800 ..........e.....
0x0165df1c: 00000000 0165df4c 74e60761 0165dfc4 ....L.e.a..t..e.
0x0165df2c: 00191ad2 00000400 00007fff 00000003 ................
0x0165df3c: 00000000 0165e18c 0165e18c 00000001 ......e...e.....
0x0165df4c: 0165dfa0 758dcf50 0165dfc4 00191ad2 ..e.P..u..e.....
0x0165df5c: 00000400 00007fff 00000003 aec8420a .............B..
0x0165df6c: 00000000 0165e18c 00000001 751d7270 ......e.....pr.u
0x0165df7c: dab12a8d 0165e18c 00000000 0165df68 .*....e.....h.e.
0x0165df8c: 0165df38 0165e660 759266e1 da2052c2 8.e.`.e..f.u.R .
0x0165df9c: 00000000 0165dfe0 758dcfc5 0165dfc4 ......e....u..e.
0x0165dfac: 00191ad2 00000400 00007fff 00000003 ................
0x0165dfbc: 00000102 0165e18c 00000063 00000073 ......e.c...s...
0x0165dfcc: 74e560e2 74e63968 000045ff 0000002e .`.th9.t.E......
0x0165dfdc: 0165dff8 0165dff8 758dd20c 0165e18c ..e...e....u..e.
0x0165dfec: 0ee4b940 00000000 01e06afb 0165e020 @........j.. .e.
0x0165dffc: 758e2cf1 0165e018 ffffffff 0165e028 .,.u..e.....(.e.
0x0165e00c: 0ee4ba68 0ee4b940 00000000 000006d4 h...@...........
0x0165e01c: 00000001 0165e03c 759fe2f6 ffffffff ....<.e....u....
0x0165e02c: 0ee4b940 0165e130 115a0400 00000042 @...0.e...Z.B...
0x0165e03c: 0165e068 759fe098 00000000 0165e144 h.e....u....D.e.
0x0165e04c: 00000000 1153c978 ffffffff ffffffff ....x.S.........
0x0165e05c: 01e06afb 0ee4b940 01751e70 0165e148 .j..@...p.u.H.e.
0x0165e06c: 759fdef0 0165e130 1153c978 0165e18c ...u0.e.x.S...e.
0x0165e07c: 8001010a 00000000 11664790 0165e10c .........Gf...e.
0x0165e08c: 758f0d32 11664790 0165e9c0 758f0e2b 2..u.Gf...e.+..u
0x0165e09c: aec87ca6 0165eb64 00000000 0165e1e0 .|..d.e.......e.
0x0165e0ac: 114b1e48 11664790 114b1e4c 11582e70 H.K..Gf.L.K.p.X.
0x0165e0bc: 00001808 0000180c 00000000 00000000 ................
0x0165e0cc: 00000001 00000002 00001808 00000004 ................
0x0165e0dc: 00000000 00000000 00000000 00001810 ................
0x0165e0ec: 00000001 00000000 00000000 00000000 ................
0x0165e0fc: 0165e660 75902da8 0165e9e8 0165e9c0 `.e..-.u..e...e.
0x0165e10c: 0165e1e0 1153c978 00000000 0165e9c0 ..e.x.S.......e.
0x0165e11c: 00000000 00000000 00000000 0165e274 ............t.e.
0x0165e12c: 0165e25c 0ee4b940 00000136 00000000 \.e.@...6.......
0x0165e13c: 000000c0 46000000 aec87ce2 0165e164 .......F.|..d.e.
0x0165e14c: 758e2c7a 1153c978 0165e274 0165e25c z,.ux.S.t.e.\.e.
0x0165e15c: 0165e274 1153c978 0165e1e0 758f9a61 t.e.x.S...e.a..u
0x0165e16c: 0165e274 0165e25c 1153c978 00000000 t.e.\.e.x.S.....
0x0165e17c: 1153c978 0165e274 0165e25c 0165e19c x.S.t.e.\.e...e.
0x0165e18c: 80010115 00000000 00000000 000045ff .............E..
0x0165e19c: 0b445a91 4474dffd 188311b5 5a1b4972 .ZD...tD....rI.Z
0x0165e1ac: 00000000 00000000 758ef434 01e06afb ........4..u.j..
0x0165e1bc: 0165eb64 0165e2a0 00000000 00000000 d.e...e.........
0x0165e1cc: 00000000 114b1d58 00000000 00000000 ....X.K.........
0x0165e1dc: aec87c4a 0165e234 758f9ae4 1153c978 J|..4.e....ux.S.
0x0165e1ec: 0165e274 0165e25c 0165e33c 0165e2a0 t.e.\.e.<.e...e.
0x0165e1fc: 080e2e54 0165eb64 759113e8 7591489c T...d.e....u.H.u
0x0165e20c: 0165e2a0 0165e3a0 0165e2a0 0165e230 ..e...e...e.0.e.
0x0165e21c: 75b36b04 0165e2a0 1157fddc 00000000 .k.u..e...W.....
0x0165e22c: 01751e70 00000000 0165e250 759fde06 p.u.....P.e....u
0x0165e23c: 1153c978 0165e274 0165e25c 7590f9c0 x.S.t.e.\.e....u
0x0165e24c: 00000001 0165e670 75b54333 080e2e54 ....p.e.3C.uT...
0x0165e25c: 0165e2a0 75bd0149 aec87b9f 0165e6a8 ..e.I..u.{....e.
0x0165e26c: 0700022b 0000006c 0ee4b940 00000010 +...l...@.......
0x0165e27c: 1157fdd8 00001850 00008004 00000000 ..W.P...........
0x0165e28c: 080da408 0165e050 7748e40c 77d3f826 ....P.e...Hw&..w
0x0165e29c: 00000000 0165e274 11581628 00000000 ....t.e.(.X.....
0x0165e2ac: 00000000 00b20029 00001878 0165e24c ....)...x...L.e.
0x0165e2bc: 016f0000 0000f201 00000000 00000000 ..o.............
0x0165e2cc: 00000000 00000000 00000000 0001000c ................
0x0165e2dc: 01761c98 00000038 00080000 75918e44 ..v.8.......D..u
0x0165e2ec: 75918e39 0165e6a8 016f916c 114b0518 9..u..e.l.o...K.
0x0165e2fc: 016f9640 7590f9c0 00000000 00000000 @.o....u........
0x0165e30c: 00000000 774d4144 00000000 00000000 ....DAMw........
0x0165e31c: 7748e40c 7748e172 1153c978 00000000 ..Hwr.Hwx.S.....
0x0165e32c: 758e6f84 11663e48 0000000c 0165e34c .o.uH>f.....L.e.
0x0165e33c: 00000003 0165d208 00000000 00000000 ......e.........
0x0165e34c: 00000000 00000000 7747fc12 75b46ce0 ..........Gw.l.u
0x0165e35c: fffffffe 0000000e 0165e3a0 0165e3c4 ..........e...e.
0x0165e36c: 00000000 114b9268 0165e3c8 75b46d1f ....h.K...e..m.u
0x0165e37c: 00000000 00000001 00000000 00000001 ................
0x0165e38c: 00000043 080e2e54 016f0000 00000004 C...T.....o.....
0x0165e39c: 00000000 8a885d04 0000006c 75914888 .....]..l....H.u
0x0165e3ac: 7591487e 00000004 75914896 0165e6a8 ~H.u.....H.u..e.
0x0165e3bc: 00000c33 00000000 75914888 7590fa12 3........H.u...u
0x0165e3cc: 00000022 00000000 00000000 00000000 "...............
0x0165e3dc: 00000001 00000014 00000000 00000000 ................
0x0165e3ec: 00000000 00000000 75b368e4 00000000 .........h.u....
0x0165e3fc: 00000000 00000000 00000000 75b5436c ............lC.u
0x0165e40c: 75b54325 00000000 00000000 00000000 %C.u............
0x0165e41c: 00000000 00000000 00000000 00000000 ................
0x0165e42c: 00000000 00000000 0165e448 0165e438 ........H.e.8.e.
0x0165e43c: 0165e438 000001f8 0165e490 75b43463 8.e.......e.c4.u
0x0165e44c: 758e6f84 00000006 0000000a 00000000 .o.u............
0x0165e45c: 00000000 00000000 00000000 00000003 ................
0x0165e46c: 00000000 00000011 00000001 00000000 ................
0x0165e47c: 00000000 00000000 00000000 00000001 ................
0x0165e48c: 114b9268 0165e4e4 75b433f8 758e6f84 h.K...e..3.u.o.u
0x0165e49c: 00000006 0000000a 00000000 00000000 ................
0x0165e4ac: 00000000 00000000 00000003 00000000 ................
0x0165e4bc: 00000001 114b92ec 00000000 114b9268 ......K.....h.K.
0x0165e4cc: 0165e4e4 75b4340f 114b92ec 00000000 ..e..4.u..K.....
0x0165e4dc: 0165e594 114b9268 0165e550 75b43d9a ..e.h.K.P.e..=.u
0x0165e4ec: 000002ac 1157e838 016f0000 1159dfb8 ....8.W...o...Y.
0x0165e4fc: 00000000 00000000 00000000 00000000 ................
0x0165e50c: 00003c44 0165e5fc 000002ac 016f0000 D<....e.......o.
0x0165e51c: 1157e838 0165e5fc 774933d7 77493406 8.W...e..3Iw.4Iw
0x0165e52c: 77d3fec6 00001554 016f6594 016f0000 ...wT....eo...o.
0x0165e53c: 016f5320 00000000 00000001 016f5320  So......... So.
0x0165e54c: 00000000 016f5430 758f461b 00003c44 ....0To..F.uD<..
0x0165e55c: 01773600 016f5320 0000077f 11602e28 .6w. So.....(.`.
0x0165e56c: 00000000 000007ff 114aeb9c 000002ac ..........J.....
0x0165e57c: 758f8184 758e6f84 00000006 0000000a ...u.o.u........
0x0165e58c: 00000000 02000002 11578798 00000001 ..........W.....
0x0165e59c: 00000000 00000003 00000000 000007ff ................
0x0165e5ac: 00000001 ee00608e 115e1cb0 00000001 .....`....^.....
0x0165e5bc: 00000000 00180002 0000000c 1157e840 ............@.W.
0x0165e5cc: 1157e840 1157e83b 00000000 00000000 @.W.;.W.........
0x0165e5dc: 016f0000 01000000 0165e52c 00000000 ..o.....,.e.....
0x0165e5ec: 0165f270 774d5845 01fed25a fffffffe p.e.EXMwZ.......
0x0165e5fc: 77493406 77493431 00001554 00001560 .4Iw14IwT...`...
0x0165e60c: 1157e83a 1157e838 00001554 016f1cb8 :.W.8.W.T.....o.
0x0165e61c: 016f07f0 00000002 114aeb18 00000000 ..o.......J.....
0x0165e62c: 00000000 0165eb64 00000000 758f0652 ....d.e.....R..u
0x0165e63c: 758f0652 0165e9e8 0165e650 758f261b R..u..e.P.e..&.u
0x0165e64c: 0165e9c0 0165e664 aec87b9f 0165e264 ..e.d.e..{..d.e.
0x0165e65c: 0165ea64 0165f270 75b45e15 da1eec67 d.e.p.e..^.ug...
0x0165e66c: 00000001 0165e690 759fd8e2 7590f9c0 ......e....u...u
0x0165e67c: 7591487e 0165e6a8 00000000 0165eb64 ~H.u..e.....d.e.
0x0165e68c: 00000000 0165e6a0 758f986d 00000014 ......e.m..u....
0x0165e69c: 00000004 0165e710 758f5cec 080e2e54 ......e..\.uT...
0x0165e6ac: 00000000 0165eb64 0165e6d0 00000000 ....d.e...e.....
0x0165e6bc: 0165eb64 00000220 00000000 0165f0cc d.e. .........e.
0x0165e6cc: 00000000 00000000 00000000 00000000 ................
0x0165e6dc: 00000000 0165eb6c 00002970 0ee6d360 ....l.e.p)..`...
0x0165e6ec: 01ae48d0 00000000 1157e840 00000aaa .H......@.W.....
0x0165e6fc: 0165ee60 00000000 0165f014 75a079b0 `.e.......e..y.u
0x0165e70c: 0165f030 0165e96c 758f633b 0165eb64 0.e.l.e.;c.ud.e.
0x0165e71c: 0165f0cc 00000000 00000000 00000000 ..e.............
0x0165e72c: 00000000 00000000 00000000 00000000 ................
0x0165e73c: 00000000 00000000 00000000 00000000 ................
0x0165e74c: 00000000 00000000 00000000 00000000 ................
0x0165e75c: 00000000 00000000 00000000 00000000 ................
0x0165e76c: 00000000 00000000 00000000 00000000 ................
0x0165e77c: 00000000 00000000 00000000 00000000 ................
0x0165e78c: 00000000 00000000 00000000 00000000 ................
0x0165e79c: 00000000 00000000 00000000 00000000 ................
0x0165e7ac: 00000000 00000000 00000000 00000000 ................
0x0165e7bc: 00000000 00000000 00000000 00000000 ................
0x0165e7cc: 00000000 00000000 00000000 00000000 ................
0x0165e7dc: 00000000 00000000 00000000 00000000 ................
0x0165e7ec: 00000000 00000000 00000000 00000000 ................
0x0165e7fc: 00000000 00000000 00000000 00000000 ................
0x0165e80c: 00000000 00000000 00000000 00000000 ................
0x0165e81c: 00000000 00000000 00000000 00000000 ................
0x0165e82c: 00000000 00000000 00000000 00000000 ................
0x0165e83c: 00000000 00000000 00000000 00000000 ................
0x0165e84c: 00000000 00000000 00000000 00000000 ................
0x0165e85c: 00000000 00000000 00000000 00000000 ................
0x0165e86c: 00000000 00000000 00000000 00000000 ................
0x0165e87c: 00000000 00000000 00000000 00000000 ................
0x0165e88c: 00000000 00000000 00000000 00000000 ................
0x0165e89c: 00000000 00000000 00000000 00000000 ................
0x0165e8ac: 00000000 00000000 00000000 00000000 ................
0x0165e8bc: 00000000 00000000 00000000 00000000 ................
0x0165e8cc: 00000000 00000000 00000000 00000000 ................
0x0165e8dc: 00000000 00000000 00000000 00000000 ................
0x0165e8ec: 00000000 00000000 00000000 00000000 ................
0x0165e8fc: 00000000 00000000 00000000 00000000 ................
0x0165e90c: 00000000 00000000 00000000 00000000 ................
0x0165e91c: 00000000 00000000 00000000 00000000 ................
0x0165e92c: 00000000 00000000 00000000 00000000 ................
0x0165e93c: 00000000 00000003 75902e60 00000000 ........`..u....
0x0165e94c: 0165eb64 0165f0cc 00000000 00000000 d.e...e.........
0x0165e95c: 0165e9c0 00000000 0165e720 aec874c6 ..e..... .e..t..
0x0165e96c: 0165e9ac 75903128 75a07448 00000000 ..e.(1.uHt.u....
0x0165e97c: 0165eb64 0165f0cc 00000000 0165eb68 d.e...e.....h.e.
0x0165e98c: 0165e9c0 759048b3 0ec892f8 00000001 ..e..H.u........
0x0165e99c: 0165eb74 00000000 0165eb68 aec87406 t.e.....h.e..t..
0x0165e9ac: 0165f180 75903050 0165eb64 00000000 ..e.P0.ud.e.....
0x0165e9bc: 0165f0cc 75902bc8 75902bb8 75902ba8 ..e..+.u.+.u.+.u
0x0165e9cc: 00000003 00000338 00000000 000000c0 ....8...........
0x0165e9dc: 46000000 00000000 00000000 00000001 ...F............
0x0165e9ec: 00001808 000000c0 00000000 00000000 ................
0x0165e9fc: 00000006 00000000 00000000 00000000 ................
0x0165ea0c: 00000000 0165ea90 0165eb30 00000000 ......e.0.e.....
0x0165ea1c: 00000000 00000000 00000000 00000000 ................
0x0165ea2c: 00000000 00000000 00000000 00000000 ................
0x0165ea3c: 00000000 00000000 00000000 00000000 ................
0x0165ea4c: 00000000 00001810 00000000 00000001 ................
0x0165ea5c: 00000000 00530039 0165f034 0165eec0 ....9.S.4.e...e.
0x0165ea6c: 0165efa4 0165ee94 0165ee64 0165f018 ..e...e.d.e...e.
0x0165ea7c: 00000000 00000000 00000000 00000000 ................
0x0165ea8c: 00000006 000001b9 00000000 000000c0 ................
0x0165ea9c: 46000000 000001ab 00000000 000000c0 ...F............
0x0165eaac: 46000000 000001a5 00000000 000000c0 ...F............
0x0165eabc: 46000000 000001a4 00000000 000000c0 ...F............
0x0165eacc: 46000000 000001a6 00000000 000000c0 ...F............
0x0165eadc: 46000000 000001aa 00000000 000000c0 ...F............
0x0165eaec: 46000000 00450035 0044002d 00360038 ...F5.E.-.D.8.6.
0x0165eafc: 002d0042 00310031 00300044 0041002d B.-.1.1.D.0.-.A.
0x0165eb0c: 00370030 002d0035 00300030 00300043 0.7.5.-.0.0.C.0.
0x0165eb1c: 00460034 00360042 00380038 00300032 4.F.B.6.8.8.2.0.
0x0165eb2c: 005c007d 00000068 00000058 00000090 }.\.h...X.......
0x0165eb3c: 00000020 00000020 000015b8 00000072  ... .......r...
0x0165eb4c: 00450035 0044002d 00360038 000000c0 5.E.-.D.8.6.....
0x0165eb5c: 00000000 00300044 75902b60 75902b44 ....D.0.`+.uD+.u
0x0165eb6c: 75902b20 00000002 00000000 00000000  +.u............
0x0165eb7c: 00000014 00000001 00000000 00000000 ................
0x0165eb8c: 00000000 0ec892f8 00000000 0165eebc ..............e.
0x0165eb9c: 00000000 0165efa0 0165ee90 00000000 ......e...e.....
0x0165ebac: 0165f030 75902ae0 75902acc 75902abc 0.e..*.u.*.u.*.u
0x0165ebbc: 00000001 00000339 00000000 000000c0 ....9...........
0x0165ebcc: 46000000 00000000 00000000 00000001 ...F............
0x0165ebdc: 00000000 00000000 00000000 00000004 ................
0x0165ebec: 00000000 00000000 00000000 00000000 ................
0x0165ebfc: 00000000 00000000 00000000 00000000 ................
0x0165ec0c: 00000000 00000000 00000000 00000000 ................
0x0165ec1c: 00000000 00000000 00000000 00000000 ................
0x0165ec2c: 00000000 00000000 00000000 00000000 ................
0x0165ec3c: 00000000 77496434 00000000 00000000 ....4dIw........
0x0165ec4c: 00000001 0165eda4 00000000 00000000 ......e.........
0x0165ec5c: 00000000 00000000 00000000 00000000 ................
0x0165ec6c: 00000000 00000000 00000000 00000000 ................
0x0165ec7c: 00000000 00000000 0165ecec 7535489b ..........e..H5u
0x0165ec8c: da87831d fffffffe 752b22a6 752b2406 ........."+u.$+u
0x0165ec9c: 000006aa 00000002 0165ecfc 752b241b ..........e..$+u
0x0165ecac: 00000000 752b2422 aec94d51 0165ed7c ...."$+uQM..|.e.
0x0165ecbc: 00000000 00000023 001c001c 758e98ec ....#..........u
0x0165eccc: 758e9830 016f9778 00000000 75ca15c7 0..ux.o........u
0x0165ecdc: 00000000 00000000 0165ecb4 da87831d ..........e.....
0x0165ecec: 0165f270 7535489b da878585 fffffffe p.e..H5u........
0x0165ecfc: 752b2422 752b22f2 000006aa 758e98ec "$+u."+u.......u
0x0165ed0c: 00000000 00000001 0165ed4c 00000000 ........L.e.....
0x0165ed1c: 0165ed44 0165ed44 752b4dc3 00000023 D.e.D.e..M+u#...
0x0165ed2c: 00000000 00000000 00000002 00000000 ................
0x0165ed3c: 752b4d5e 00000000 0165ed84 758e9606 ^M+u......e....u
0x0165ed4c: 00000000 758e98ec 75902a94 75902a84 .......u.*.u.*.u
0x0165ed5c: 00000000 759029fc 00000000 00000000 .....).u........
0x0165ed6c: 00000000 00000000 00000000 00000000 ................
0x0165ed7c: 00000000 00000000 00000000 758e98ab ...............u
0x0165ed8c: 000006aa 758e98ec 00000000 00000000 .......u........
0x0165ed9c: 00000000 0165ee28 7538013c 75380138 ....(.e.<.8u8.8u
0x0165edac: 7538013c 08066cc8 75380138 0165edcc <.8u.l..8.8u..e.
0x0165edbc: 752cb88e 7538013c 00000000 0165ee28 ..,u<.8u....(.e.
0x0165edcc: 0165ede4 752cb826 7747fa02 752b2182 ..e.&.,u..Gw.!+u
0x0165eddc: 00000000 aab20000 aab20000 0165ee20 ............ .e.
0x0165edec: 752b2111 aec94f8d 00000000 7590a5cf .!+u.O.........u
0x0165edfc: 0ec8930c 0165ee18 7590a672 0ec892f8 ......e.r..u....
0x0165ee0c: 00000000 7590a16d 0ec8930c 00000000 ....m..u........
0x0165ee1c: 7748e40c 77d3f59e 01650014 016f01b4 ..Hw...w..e...o.
0x0165ee2c: 016f0000 00000000 00000000 759028d4 ..o..........(.u
0x0165ee3c: 759028b0 00000000 00000000 00000000 .(.u............
0x0165ee4c: 00000000 00000000 00000068 00000000 ........h.......
0x0165ee5c: 75902808 759027f0 759027cc 0165e9c4 .(.u.'.u.'.u..e.
0x0165ee6c: 00000000 00000001 00000000 00000000 ................
0x0165ee7c: 00000000 00000000 00000000 00000000 ................
0x0165ee8c: 00000000 75902c30 75902c0c 0165e9c4 ....0,.u.,.u..e.
0x0165ee9c: 00000000 00000001 00000000 00000000 ................
0x0165eeac: 00000000 00000000 00000000 00000000 ................
0x0165eebc: 759027bc 75902c9c 0165e9c4 00000000 .'.u.,.u..e.....
0x0165eecc: 00000001 8bc3f05e 11d0d86b c00075a0 ....^...k....u..
0x0165eedc: 2088b64f 00000014 00000000 00000000 O.. ............
0x0165eeec: 00000001 00000000 0165ef00 00000058 ..........e.X...
0x0165eefc: 00070005 f309ad18 11d0d86a c00075a0 ........j....u..
0x0165ef0c: 2088b64f 00000030 00000000 0165ef2c O.. 0.......,.e.
0x0165ef1c: 114b1c98 0ec892f8 7590a5cf 0ec8930c ..K........u....
0x0165ef2c: 0165ef4c 759037b5 08066ce8 0165ef78 L.e..7.u.l..x.e.
0x0165ef3c: 00000004 00000014 00000000 0000000e ................
0x0165ef4c: 0165efa8 759038be 00000000 8bc3f05e ..e..8.u....^...
0x0165ef5c: 0165ef78 00000014 0165f024 0ec892f8 x.e.....$.e.....
0x0165ef6c: 0165f008 6b637453 0031002d 8bc3f05e ..e.Stck-.1.^...
0x0165ef7c: 11d0d86b c00075a0 2088b64f 00000000 k....u..O.. ....
0x0165ef8c: 7590a20e 7590386d 00000000 706e172c ...um8.u....,.np
0x0165ef9c: 759038e5 75902a54 75902a30 0165e9c4 .8.uT*.u0*.u..e.
0x0165efac: 00000000 00000001 75902a20 00000000 ........ *.u....
0x0165efbc: 00000000 00000000 00000000 114c0188 ..............L.
0x0165efcc: 00000000 00000000 00000000 00000000 ................
0x0165efdc: 00000000 01745e38 00000000 00000000 ....8^t.........
0x0165efec: 75902920 759028fc 00000000 00000000  ).u.(.u........
0x0165effc: 00000000 00000000 00000000 00000000 ................
0x0165f00c: 00000000 00000000 75902888 75902864 .........(.ud(.u
0x0165f01c: 0165e9c4 00000000 00000001 0165e6e4 ..e...........e.
0x0165f02c: 00000000 75902978 75902954 0165e9c4 ....x).uT).u..e.
0x0165f03c: 00000000 00000001 aec86de2 00000001 .........m......
0x0165f04c: 00000000 00000000 00000000 00000002 ................
0x0165f05c: 00000000 00000000 00000000 00000000 ................
0x0165f06c: 00000000 00000014 00000002 00000000 ................
0x0165f07c: 00000000 00000000 00000000 00000000 ................
0x0165f08c: 00000000 00000000 00000000 00000000 ................
0x0165f09c: 00000000 00000000 afad9daa 75902eec ...............u
0x0165f0ac: 00000000 75909f9c 706e172c 00000000 .......u,.np....
0x0165f0bc: 00000001 00000000 00000000 00000000 ................
0x0165f0cc: 00000000 00000000 706e172c 00000000 ........,.np....
0x0165f0dc: 80004005 00000000 00000000 0165f22c .@..........,.e.
0x0165f0ec: 00000000 00000000 0165f16c 41e90f3e ........l.e.>..A
0x0165f0fc: 463356c1 8b6ec381 70dd8bac 7590ee34 .V3F..n....p4..u
0x0165f10c: 00000008 00000000 00000014 00000000 ................
0x0165f11c: 00000000 0165f0ec 00000000 00000000 ......e.........
0x0165f12c: 00000000 000000f4 0165f300 f309ad18 ..........e.....
0x0165f13c: 11d0d86a c00075a0 2088b64f 0000007f j....u..O.. ....
0x0165f14c: 00000000 00000002 0165f218 00000001 ..........e.....
0x0165f15c: 00000000 0165f128 0165f130 0165f138 ....(.e.0.e.8.e.
0x0165f16c: 8bc3f05e 11d0d86b c00075a0 2088b64f ^...k....u..O.. 
0x0165f17c: aec86c2a 0165f1e0 75909dd5 706e172c *l....e....u,.np
0x0165f18c: 00000000 00000014 00000000 00000001 ................
0x0165f19c: 00000000 0165f22c 00000000 00000000 ....,.e.........
0x0165f1ac: 03f30810 00000000 00000000 00000000 ................
0x0165f1bc: 00000000 0165f22c 01751e70 00000000 ....,.e.p.u.....
0x0165f1cc: 00000000 00000000 00000000 00000000 ................
0x0165f1dc: aec86c4a 0165f204 75909d36 706e172c Jl....e.6..u,.np
0x0165f1ec: 00000000 00000014 00000000 00000001 ................
0x0165f1fc: 0165f22c 00000000 0165f238 706e1f27 ,.e.....8.e.'.np
0x0165f20c: 706e172c 00000000 00000014 00000000 ,.np............
0x0165f21c: 00000001 0165f22c 03f30810 706e7000 ....,.e......pnp
0x0165f22c: 706e1f68 00000000 80004002 0165f27c h.np.....@..|.e.
0x0165f23c: 706e1ede 0165f2a0 00000001 00000000 ..np..e.........
0x0165f24c: a47172a8 03f30810 706e7000 7069c0e1 .rq......pnp..ip
0x0165f25c: c000007c 0165f284 706e1770 fffffffe |.....e.p.np....
0x0165f26c: 03f30810 0165f35c 706e5e19 ffffffff ....\.e..^np....
0x0165f27c: 0165f368 706e1b60 0165f2a0 00000001 h.e.`.np..e.....
0x0165f28c: 00000000 a47173bc 00000000 03f30810 .....sq.........
0x0165f29c: 03f30810 00000000 03f30838 0165f2cc ........8.....e.
0x0165f2ac: 00000000 00000000 00000000 03f30838 ............8...
0x0165f2bc: 0165f334 00000003 0000007f 00000000 4.e.............
0x0165f2cc: 00000009 00000000 03f30868 00000000 ........h.......
0x0165f2dc: 00000003 00000000 00000000 00000008 ................
0x0165f2ec: 03f30810 00000002 03f3080b 00000000 ................
0x0165f2fc: 0065f314 03f30000 01cf737f 0165f250 ..e......s..P.e.
0x0165f30c: 242e4b00 0165f3d8 00000000 01fed25a .K.$..e.....Z...
0x0165f31c: fffffffe 77493406 00000000 00000001 .....4Iw........
0x0165f32c: 00000000 03f30868 00000000 03f30838 ....h.......8...
0x0165f33c: 00000000 03f30868 01c86ee2 00000000 ....h....n......
0x0165f34c: 00000000 00000000 00000000 0065f3b0 ..............e.
0x0165f35c: 0165f3d8 706e6025 00000005 0165f39c ..e.%`np......e.
0x0165f36c: 706e198d 0ee6cf2c 00000000 00000000 ..np,...........
0x0165f37c: 00000000 00000000 00000000 00000000 ................
0x0165f38c: 0165f46c 00000000 03f30810 00000000 l.e.............
0x0165f39c: 0165f3e4 706e282c 0ee6cf2c 00000000 ..e.,(np,.......
0x0165f3ac: 00000000 00000000 00000000 00000000 ................
0x0165f3bc: 00000000 0165f46c a4717330 0165f46c ....l.e.0sq.l.e.
0x0165f3cc: 03f30828 00000000 03f30810 0165fa64 (...........d.e.
0x0165f3dc: 706e5d86 ffffffff 0165f424 003b3bb2 .]np....$.e..;;.
0x0165f3ec: 03f30828 0ee6cf2c 00000000 00000000 (...,...........
0x0165f3fc: 00000000 00000000 00000000 00000000 ................
0x0165f40c: 0165f46c 0000000f 00000000 00000010 l.e.............
0x0165f41c: 03896b00 03f30828 0165f470 003b5baa .k..(...p.e..[;.
0x0165f42c: 0462bbb0 00000000 038dd690 038dd690 ..b.............
0x0165f43c: 012aef80 00000000 0165f458 003a6b04 ..*.....X.e..k:.
0x0165f44c: 038dd690 00000000 0462bbb0 0165f468 ..........b.h.e.
0x0165f45c: 003a6bc2 00000000 0000000f 0165f564 .k:.........d.e.
0x0165f46c: 00000000 0165f564 00892895 00000010 ....d.e..(......
0x0165f47c: 0462bbb0 00000000 0165f49c 003a53f5 ..b.......e..S:.
0x0165f48c: 038dfdf0 00000010 00000010 012aef80 ..............*.
0x0165f49c: 0165f4d4 342e3575 3166312e 00000000 ..e.u5.4.1f1....
0x0165f4ac: 0000002f 00000008 0000000f 00000030 /...........0...
0x0165f4bc: 038dd690 0000002f 0165f5b0 0000000f ..../.....e.....
0x0165f4cc: 00000020 0000002f 0165f4f4 646e6957  .../.....e.Wind
0x0165f4dc: 5073776f 6579616c 00000072 0000000d owsPlayer.......
0x0165f4ec: 0000000f 0000004b 038dd690 0029f739 ....K.......9.).
0x0165f4fc: 00000030 00000010 00000020 0000002f 0....... .../...
0x0165f50c: 0103dea8 0000004b 0165f548 0029fd96 ....K...H.e...).
0x0165f51c: 00000030 00000000 00000024 0462bbc0 0.......$.....b.
0x0165f52c: 342e3500 3166312e 0462bb00 0165f524 .5.4.1f1..b.$.e.
0x0165f53c: 00000000 0000000f 0165f564 038dd600 ........d.e.....
0x0165f54c: 038dfdf0 038dfd00 00000024 00000000 ........$.......
0x0165f55c: 0000000f 00000000 0165f56c 00891d2a ........l.e.*...
0x0165f56c: 0165f57c 00892467 00000001 0462bbb0 |.e.g$........b.
0x0165f57c: 0165f60c 00893a68 0165f5b0 00000001 ..e.h:....e.....
0x0165f58c: 0462bbb0 00416c63 aec95400 01123cb8 ..b.clA..T...<..
0x0165f59c: 00979799 0000000a 00000000 0000000f ................
0x0165f5ac: 00000022 038dfd00 0462bb58 00000000 ".......X.b.....
0x0165f5bc: 0123e4e8 00000024 0000002f 0054e300 ..#.$.../.....T.
0x0165f5cc: 00000000 00000000 00000005 00000000 ................
0x0165f5dc: 00000000 0000000f c2dca73d 038df850 ........=...P...
0x0165f5ec: 00000000 0165f665 00000010 00000024 ....e.e.....$...
0x0165f5fc: 0000002f 0123e5c4 0462bbb0 0165f61c /.....#...b...e.
0x0165f60c: 0165f61c 00893b55 00000000 012685f0 ..e.U;........&.
0x0165f61c: 0165f638 00893bcf 00000001 e00259f1 8.e..;.......Y..
0x0165f62c: 600259f1 00416c63 00000000 0165f66c .Y.`clA.....l.e.
0x0165f63c: 00890db5 0462bbb0 00000001 e00259f1 ......b......Y..
0x0165f64c: 600259f1 00416c63 00000000 010e1e4d .Y.`clA.....M...
0x0165f65c: 0462bb58 00000000 012685f0 00000000 X.b.......&.....
0x0165f66c: 0165f6d4 00891984 00000001 e00259f1 ..e..........Y..
0x0165f67c: 600259f1 00416c63 00000000 00000002 .Y.`clA.........
0x0165f68c: 00000003 012652d0 038df800 038d24b0 .....R&......$..
0x0165f69c: 038aa3b0 0165f710 00000000 0000000f ......e.........
0x0165f6ac: 00000002 038df850 0165f6a4 0165fa64 ....P.....e.d.e.
0x0165f6bc: 00000000 00000024 0000002f 0165f6e4 ....$.../.....e.
0x0165f6cc: c2dceee7 00000000 0165f6e0 00891ada ..........e.....
0x0165f6dc: 00000001 0165f708 004df8a0 0462bb58 ......e...M.X.b.
0x0165f6ec: ffffffbc 03ffd380 00000002 03ffd380 ................
0x0165f6fc: 038a7a01 03ffd2f0 012652ac 0165f770 .z.......R&.p.e.
0x0165f70c: 004e05cf ffffffbc 03ffd380 00000002 ..N.............
0x0165f71c: 038a7ab0 03ffd2f0 038a7a01 038d2350 .z.......z..P#..
0x0165f72c: 038d2350 00000000 03ffd344 0165f74c P#......D...L.e.
0x0165f73c: 038d2370 00000000 038d2350 00000000 p#......P#......
0x0165f74c: 0165f75c 003a6b60 038d2350 00000008 \.e.`k:.P#......
0x0165f75c: 0165f794 002a8960 038d2350 03ffd2f0 ..e.`.*.P#......
0x0165f76c: 03ffd2f0 0165f794 004e078f 038a7ab0 ......e...N..z..
0x0165f77c: 03ffd2f0 004df49a 00000010 038a7ab0 ......M......z..
0x0165f78c: 00000001 038a7ab0 0165f7b4 004df52a .....z....e.*.M.
0x0165f79c: 00000002 7fffffff 00000010 03ffd2f0 ................
0x0165f7ac: 00000000 00000001 0165f7c4 00387f71 ..........e.q.8.
0x0165f7bc: 0000000f 040136e0 0165f858 004bb2dc .....6..X.e...K.
0x0165f7cc: 0165f7f0 0165f80c 0165f828 0165f844 ..e...e.(.e.D.e.
0x0165f7dc: 00000000 00000002 74e57be3 74e65f84 .........{.t._.t
0x0165f7ec: 00000004 038d23f0 0165f82c 003109d4 .....#..,.e...1.
0x0165f7fc: 0165f82c 00000013 0000001f 0126cb4c ,.e.........L.&.
0x0165f80c: 6576656c 0000306c 00000000 00000000 level0..........
0x0165f81c: 00000006 0000000f 00000000 038d23d0 .............#..
0x0165f82c: 0165f848 002dd5a6 038d23f0 00000014 H.e...-..#......
0x0165f83c: 0000001f 00000000 00000000 00000000 ................
0x0165f84c: 00000000 00000000 74e65f84 0165f894 ........._.t..e.
0x0165f85c: 004bb382 00000000 00550ed2 005515d9 ..K.......U...U.
0x0165f86c: 00000000 00000001 00121c1e 000000ff ................
0x0165f87c: 00000001 09270ec5 01e06744 00000759 ......'.Dg..Y...
0x0165f88c: 00000246 0000062c 0165f9cc 0055360e F...,.....e..6U.
0x0165f89c: 00000000 00000000 fffde000 0389f910 ................
0x0165f8ac: 01c0003f 000001ff 00000000 0000007e ?...........~...
0x0165f8bc: 0000007f 00001fff 03fc4960 774af568 ........`I..h.Jw
0x0165f8cc: 014823c0 01182b88 00000083 0000008f .#H..+..........
0x0165f8dc: 0099a11b 014823c0 01182b88 00000010 .....#H..+......
0x0165f8ec: 00000010 7fffffff 00000000 0123e4e8 ..............#.
0x0165f8fc: 01481cb0 00000010 0165f900 0165f938 ..H.......e.8.e.
0x0165f90c: 00996ddb 014823c0 01182b88 03fc4570 .m...#H..+..pE..
0x0165f91c: 0165f928 7fffffff 00000000 00000084 (.e.............
0x0165f92c: 0000008f 014807d0 0389fa90 0165f968 ......H.....h.e.
0x0165f93c: 00988b8b 014823c0 00000075 0000007f .....#H.u.......
0x0165f94c: 0165f888 616e614d 00646567 6c65746e ..e.Managed.ntel
0x0165f95c: 00000000 00000007 0000000f 0165f974 ............t.e.
0x0165f96c: 0388ba90 0388bac8 0388bac8 0000000d ................
0x0165f97c: 034a1040 65646900 646e6957 6c00776f @.J..ideWindow.l
0x0165f98c: 0165006c 00000000 0000000f 00000000 l.e.............
0x0165f99c: 00000000 65726100 5748746e 0000444e .....arentHWND..
0x0165f9ac: 016f4824 00000000 0000000f 00000000 $Ho.............
0x0165f9bc: 034a1040 034a1080 00000000 00100801 @.J...J.........
0x0165f9cc: 0165f9e4 0094c8d8 00290000 00000000 ..e.......).....
0x0165f9dc: 016f4826 00000001 0165fa74 0097bd88 &Ho.....t.e.....
0x0165f9ec: 00290000 00000000 016f4826 00000001 ..).....&Ho.....
0x0165f9fc: aecaaff5 00000000 00000000 fffde000 ................
0x0165fa0c: 00000044 016f2cc2 016f2ca2 016f2bba D....,o..,o..+o.
0x0165fa1c: 00000000 00000000 00000000 00000000 ................
0x0165fa2c: 00000000 00000000 00000000 00000001 ................
0x0165fa3c: 00000001 00000000 00000000 0165fa70 ............p.e.
0x0165fa4c: 0098cd1e 0165fa60 00000000 00000000 ....`.e.........
0x0165fa5c: 0165f9fc 0bdf2f42 0165fab0 0097d960 ..e.B/....e.`...
0x0165fa6c: aeb07c89 00000000 0165fa80 752b338a .|........e..3+u
0x0165fa7c: fffde000 0165fac0 77499902 fffde000 ......e...Iw....
0x0165fa8c: 77d3e1fa 00000000 00000000 fffde000 ...w............
0x0165fa9c: 00000000 00000000 00000000 0165fa8c ..............e.
0x0165faac: 00000000 ffffffff 774d5845 01fedd1a ........EXMw....
0x0165fabc: 00000000 0165fad8 774998d5 0097bddb ......e...Iw....
0x0165facc: fffde000 00000000 00000000 00000000 ................
0x0165fadc: 00000000 0097bddb fffde000 00000000 ................
0x0165faec: 00000000 00000000 00000000 00000000 ................
0x0165fafc: 00000000 00000000 00000000 00000000 ................
0x0165fb0c: 00000000 00000000 00000000 00000000 ................
0x0165fb1c: 00000000 00000000 00000000 00000000 ................
0x0165fb2c: 00000000 00000000 00000000 00000000 ................
0x0165fb3c: 00000000 00000000 00000000 00000000 ................
0x0165fb4c: 00000000 00000000 00000000 00000000 ................
0x0165fb5c: 00000000 00000000 00000000 00000000 ................
0x0165fb6c: 00000000 00000000 00000000 00000000 ................
0x0165fb7c: 00000000 00000000 00000000 00000000 ................
0x0165fb8c: 00000000 00000000 00000000 00000000 ................
0x0165fb9c: 00000000 00000000 00000000 00000000 ................
0x0165fbac: 00000000 00000000 00000000 00000000 ................
0x0165fbbc: 00000000 00000000 00000000 00000000 ................
0x0165fbcc: 00000000 00000000 00000000 00000000 ................
0x0165fbdc: 00000000 00000000 00000000 00000000 ................
0x0165fbec: 00000000 00000000 00000000 00000000 ................

Module 1
E:\documentos\Videojuegos\Cuarto_curso\Interaccion_Avanzada\Proyecto2\pruebas\Automatic Mesh generation\buildº1.exe
Image Base: 0x00290000  Image Size: 0x011b8000
File Size:  17729536    File Time:  2016-09-01_113248
Version:
   Company:    
   Product:    
   FileDesc:   
   FileVer:    5.4.1.40776
   ProdVer:    5.4.1.40776

Module 2
C:\Windows\system32\xinput1_3.dll
Image Base: 0x00400000  Image Size: 0x00016000
File Size:  81768       File Time:  2007-04-04_185342
Version:
   Company:    Microsoft Corporation
   Product:    Microsoft® DirectX for Windows®
   FileDesc:   Microsoft Common Controller API
   FileVer:    9.18.944.0
   ProdVer:    9.18.944.0

Module 3
C:\Windows\system32\nvwgf2um.dll
Image Base: 0x0fa10000  Image Size: 0x01085000
File Size:  17361976    File Time:  2016-11-17_030442
Version:
   Company:    NVIDIA Corporation
   Product:    NVIDIA D3D10 drivers
   FileDesc:   NVIDIA D3D10 Driver, Version 375.95 
   FileVer:    21.21.13.7595
   ProdVer:    21.21.13.7595

Module 4
C:\Windows\system32\DXGIDebug.dll
Image Base: 0x0f570000  Image Size: 0x0001d000
File Size:  117904      File Time:  2015-02-26_173244
Version:
   Company:    Microsoft Corporation
   Product:    Microsoft® DirectX for Windows®
   FileDesc:   DXGI Debug Binary
   FileVer:    9.30.9600.17336
   ProdVer:    9.30.9600.17336

Module 5
E:\documentos\Videojuegos\Cuarto_curso\Interaccion_Avanzada\Proyecto2\pruebas\Automatic Mesh generation\buildº1_Data\Mono\mono.dll
Image Base: 0x10000000  Image Size: 0x00230000
File Size:  2113496     File Time:  2016-09-01_113800
Version:
   Company:    Unity Technologies
   Product:    libmono
   FileDesc:   Unity Technologies fork of mono runtime
   FileVer:    1.0.0.1
   ProdVer:    1.0.0.1

Module 6
C:\Windows\system32\OPENGL32.dll
Image Base: 0x19950000  Image Size: 0x000c8000
File Size:  791552      File Time:  2009-07-14_021614
Version:
   Company:    Microsoft Corporation
   Product:    Microsoft® Windows® Operating System
   FileDesc:   OpenGL Client DLL
   FileVer:    6.1.7600.16385
   ProdVer:    6.1.7600.16385

Module 7
C:\Windows\system32\HID.DLL
Image Base: 0x3f710000  Image Size: 0x00009000
File Size:  22016       File Time:  2009-07-14_021526
Version:
   Company:    Microsoft Corporation
   Product:    Sistema operativo Microsoft® Windows®
   FileDesc:   Biblioteca de usuario de HID
   FileVer:    6.1.7600.16385
   ProdVer:    6.1.7600.16385

Module 8
C:\Windows\system32\midimap.dll
Image Base: 0x3f950000  Image Size: 0x00007000
File Size:  16896       File Time:  2009-07-14_021542
Version:
   Company:    Microsoft Corporation
   Product:    Microsoft® Windows® Operating System
   FileDesc:   Microsoft MIDI Mapper
   FileVer:    6.1.7600.16385
   ProdVer:    6.1.7600.16385

Module 9
C:\Windows\system32\ksuser.dll
Image Base: 0x3fa70000  Image Size: 0x00004000
File Size:  4608        File Time:  2015-12-08_225348
Version:
   Company:    Microsoft Corporation
   Product:    Microsoft® Windows® Operating System
   FileDesc:   User CSA Library
   FileVer:    6.1.7601.19091
   ProdVer:    6.1.7601.19091

Module 10
C:\Windows\system32\wdmaud.drv
Image Base: 0x41450000  Image Size: 0x00030000
File Size:  172032      File Time:  2010-11-21_042402
Version:
   Company:    Microsoft Corporation
   Product:    Sistema operativo Microsoft® Windows®
   FileDesc:   Controlador de sistema de audio Winmm
   FileVer:    6.1.7601.17514
   ProdVer:    6.1.7601.17514

Module 11
C:\Windows\system32\dxgi.dll
Image Base: 0x54010000  Image Size: 0x0004c000
File Size:  293376      File Time:  2014-10-20_140412
Version:
   Company:    Microsoft Corporation
   Product:    Microsoft® Windows® Operating System
   FileDesc:   DirectX Graphics Infrastructure
   FileVer:    6.2.9200.16492
   ProdVer:    6.2.9200.16492

Module 12
C:\Windows\system32\d3d11.dll
Image Base: 0x54060000  Image Size: 0x00175000
File Size:  1505280     File Time:  2014-10-20_140342
Version:
   Company:    Microsoft Corporation
   Product:    Microsoft® Windows® Operating System
   FileDesc:   Direct3D 11 Runtime
   FileVer:    6.2.9200.16570
   ProdVer:    6.2.9200.16570

Module 13
C:\Windows\system32\GLU32.dll
Image Base: 0x5c630000  Image Size: 0x00022000
File Size:  130048      File Time:  2009-07-14_021524
Version:
   Company:    Microsoft Corporation
   Product:    Sistema operativo Microsoft® Windows®
   FileDesc:   DLL de la biblioteca de programas de OpenGL
   FileVer:    6.1.7600.16385
   ProdVer:    6.1.7600.16385

Module 14
C:\Windows\system32\msacm32.drv
Image Base: 0x678d0000  Image Size: 0x00008000
File Size:  20992       File Time:  2009-07-14_021410
Version:
   Company:    Microsoft Corporation
   Product:    Sistema operativo Microsoft® Windows®
   FileDesc:   Asignador de sonido de Microsoft
   FileVer:    6.1.7600.16385
   ProdVer:    6.1.7600.16385

Module 15
C:\Windows\system32\AVRT.dll
Image Base: 0x6aee0000  Image Size: 0x00007000
File Size:  14336       File Time:  2009-07-14_021500
Version:
   Company:    Microsoft Corporation
   Product:    Microsoft® Windows® Operating System
   FileDesc:   Multimedia Realtime Runtime
   FileVer:    6.1.7600.16385
   ProdVer:    6.1.7600.16385

Module 16
C:\Windows\system32\DCIMAN32.dll
Image Base: 0x6b680000  Image Size: 0x00006000
File Size:  10240       File Time:  2016-05-13_224948
Version:
   Company:    Microsoft Corporation
   Product:    Microsoft® Windows® Operating System
   FileDesc:   DCI Manager
   FileVer:    6.1.7601.23453
   ProdVer:    6.1.7601.23453

Module 17
C:\Windows\System32\fwpuclnt.dll
Image Base: 0x6bd50000  Image Size: 0x00038000
File Size:  216576      File Time:  2013-10-12_030126
Version:
   Company:    Microsoft Corporation
   Product:    Sistema operativo Microsoft® Windows®
   FileDesc:   API de modo usuario de FWP/IPsec
   FileVer:    6.1.7601.18283
   ProdVer:    6.1.7601.18283

Module 18
C:\Windows\System32\MMDevApi.dll
Image Base: 0x6c0b0000  Image Size: 0x00039000
File Size:  213504      File Time:  2010-11-21_042352
Version:
   Company:    Microsoft Corporation
   Product:    Sistema operativo Microsoft® Windows®
   FileDesc:   API de MMDevice
   FileVer:    6.1.7601.17514
   ProdVer:    6.1.7601.17514

Module 19
C:\Windows\system32\AUDIOSES.DLL
Image Base: 0x6c120000  Image Size: 0x00036000
File Size:  195584      File Time:  2015-02-03_041214
Version:
   Company:    Microsoft Corporation
   Product:    Sistema operativo Microsoft® Windows®
   FileDesc:   Sesión de audio
   FileVer:    6.1.7601.18741
   ProdVer:    6.1.7601.18741

Module 20
C:\Windows\system32\dwmapi.dll
Image Base: 0x6c450000  Image Size: 0x00013000
File Size:  67072       File Time:  2009-07-14_021514
Version:
   Company:    Microsoft Corporation
   Product:    Sistema operativo Microsoft® Windows®
   FileDesc:   API del Administrador de ventanas de escritorio de Microsoft
   FileVer:    6.1.7600.16385
   ProdVer:    6.1.7600.16385

Module 21
C:\Windows\system32\MSACM32.dll
Image Base: 0x6c470000  Image Size: 0x00014000
File Size:  72192       File Time:  2009-07-14_021544
Version:
   Company:    Microsoft Corporation
   Product:    Sistema operativo Microsoft® Windows®
   FileDesc:   Filtro de sonido ACM de Microsoft
   FileVer:    6.1.7600.16385
   ProdVer:    6.1.7600.16385

Module 22
C:\Windows\system32\RpcRtRemote.dll
Image Base: 0x704e0000  Image Size: 0x0000e000
File Size:  46080       File Time:  2010-11-21_042416
Version:
   Company:    Microsoft Corporation
   Product:    Microsoft® Windows® Operating System
   FileDesc:   Remote RPC Extension
   FileVer:    6.1.7601.17514
   ProdVer:    6.1.7601.17514

Module 23
C:\Windows\system32\rsaenh.dll
Image Base: 0x704f0000  Image Size: 0x0003b000
File Size:  242936      File Time:  2009-07-14_021756
Version:
   Company:    Microsoft Corporation
   Product:    Microsoft® Windows® Operating System
   FileDesc:   Microsoft Enhanced Cryptographic Provider
   FileVer:    6.1.7600.16385
   ProdVer:    6.1.7600.16385

Module 24
C:\Windows\system32\CRYPTSP.dll
Image Base: 0x705a0000  Image Size: 0x00017000
File Size:  81408       File Time:  2015-02-03_041216
Version:
   Company:    Microsoft Corporation
   Product:    Microsoft® Windows® Operating System
   FileDesc:   Cryptographic Service Provider API
   FileVer:    6.1.7601.18741
   ProdVer:    6.1.7601.18741

Module 25
C:\Windows\system32\rasadhlp.dll
Image Base: 0x70670000  Image Size: 0x00006000
File Size:  11776       File Time:  2009-07-14_021614
Version:
   Company:    Microsoft Corporation
   Product:    Microsoft® Windows® Operating System
   FileDesc:   Remote Access AutoDial Helper
   FileVer:    6.1.7600.16385
   ProdVer:    6.1.7600.16385

Module 26
C:\Windows\system32\wbemcomn.dll
Image Base: 0x70680000  Image Size: 0x0005c000
File Size:  363008      File Time:  2010-11-21_042410
Version:
   Company:    Microsoft Corporation
   Product:    Microsoft® Windows® Operating System
   FileDesc:   WMI
   FileVer:    6.1.7601.17514
   ProdVer:    6.1.7601.17514

Module 27
C:\Windows\system32\wbem\wbemprox.dll
Image Base: 0x706e0000  Image Size: 0x0000a000
File Size:  29184       File Time:  2009-07-14_021618
Version:
   Company:    Microsoft Corporation
   Product:    Microsoft® Windows® Operating System
   FileDesc:   WMI
   FileVer:    6.1.7600.16385
   ProdVer:    6.1.7600.16385

Module 28
C:\Windows\system32\DDRAW.dll
Image Base: 0x70b30000  Image Size: 0x000e7000
File Size:  531968      File Time:  2009-07-14_021512
Version:
   Company:    Microsoft Corporation
   Product:    Sistema operativo Microsoft® Windows®
   FileDesc:   Microsoft DirectDraw
   FileVer:    6.1.7600.16385
   ProdVer:    6.1.7600.16385

Module 29
C:\Windows\system32\WINMM.dll
Image Base: 0x70d10000  Image Size: 0x00032000
File Size:  194048      File Time:  2010-11-21_042418
Version:
   Company:    Microsoft Corporation
   Product:    Sistema operativo Microsoft® Windows®
   FileDesc:   MCI API DLL
   FileVer:    6.1.7601.17514
   ProdVer:    6.1.7601.17514

Module 30
C:\Windows\system32\DNSAPI.dll
Image Base: 0x70e40000  Image Size: 0x00044000
File Size:  270336      File Time:  2011-03-03_063802
Version:
   Company:    Microsoft Corporation
   Product:    Sistema operativo Microsoft® Windows®
   FileDesc:   DLL de API de cliente DNS
   FileVer:    6.1.7601.17570
   ProdVer:    6.1.7601.17570

Module 31
C:\Windows\SysWOW64\bcryptprimitives.dll
Image Base: 0x71cb0000  Image Size: 0x0003d000
File Size:  249352      File Time:  2016-05-12_140456
Version:
   Company:    Microsoft Corporation
   Product:    Microsoft® Windows® Operating System
   FileDesc:   Windows Cryptographic Primitives Library
   FileVer:    6.1.7601.23451
   ProdVer:    6.1.7601.23451

Module 32
C:\Program Files (x86)\Bonjour\mdnsNSP.dll
Image Base: 0x71cf0000  Image Size: 0x00021000
File Size:  122128      File Time:  2015-08-12_150338
Version:
   Company:    Apple Inc.
   Product:    Bonjour
   FileDesc:   Bonjour Namespace Provider
   FileVer:    3.1.0.1
   ProdVer:    3.1.0.1

Module 33
C:\Windows\system32\bcrypt.dll
Image Base: 0x71f80000  Image Size: 0x00017000
File Size:  80896       File Time:  2009-07-14_021122
Version:
   Company:    Microsoft Corporation
   Product:    Microsoft® Windows® Operating System
   FileDesc:   Windows Cryptographic Primitives Library (Wow64)
   FileVer:    6.1.7600.16385
   ProdVer:    6.1.7600.16385

Module 34
C:\Windows\System32\wship6.dll
Image Base: 0x722d0000  Image Size: 0x00006000
File Size:  10752       File Time:  2009-07-14_021622
Version:
   Company:    Microsoft Corporation
   Product:    Sistema operativo Microsoft® Windows®
   FileDesc:   DLL de la aplicación auxiliar Winsock2 (TL/IPv6)
   FileVer:    6.1.7600.16385
   ProdVer:    6.1.7600.16385

Module 35
C:\Windows\system32\MSWSOCK.dll
Image Base: 0x72610000  Image Size: 0x0003c000
File Size:  231424      File Time:  2016-05-11_161918
Version:
   Company:    Microsoft Corporation
   Product:    Sistema operativo Microsoft® Windows®
   FileDesc:   Proveedor de servicios de Microsoft Windows Sockets 2.0
   FileVer:    6.1.7601.23451
   ProdVer:    6.1.7601.23451

Module 36
C:\Windows\system32\credssp.dll
Image Base: 0x72740000  Image Size: 0x00008000
File Size:  17408       File Time:  2016-07-08_161638
Version:
   Company:    Microsoft Corporation
   Product:    Microsoft® Windows® Operating System
   FileDesc:   Credential Delegation Security Package
   FileVer:    6.1.7601.23497
   ProdVer:    6.1.7601.23497

Module 37
C:\Windows\System32\wshtcpip.dll
Image Base: 0x72760000  Image Size: 0x00005000
File Size:  9216        File Time:  2009-07-14_021622
Version:
   Company:    Microsoft Corporation
   Product:    Sistema operativo Microsoft® Windows®
   FileDesc:   DLL de la aplicación auxiliar Winsock2 (TL/IPv4)
   FileVer:    6.1.7600.16385
   ProdVer:    6.1.7600.16385

Module 38
C:\Windows\system32\dhcpcsvc.DLL
Image Base: 0x72770000  Image Size: 0x00012000
File Size:  61952       File Time:  2009-07-14_021512
Version:
   Company:    Microsoft Corporation
   Product:    Sistema operativo Microsoft® Windows®
   FileDesc:   Servicio cliente DHCP
   FileVer:    6.1.7600.16385
   ProdVer:    6.1.7600.16385

Module 39
C:\Windows\system32\dhcpcsvc6.DLL
Image Base: 0x72790000  Image Size: 0x0000d000
File Size:  43008       File Time:  2009-07-14_021512
Version:
   Company:    Microsoft Corporation
   Product:    Sistema operativo Microsoft® Windows®
   FileDesc:   Cliente DHCPv6
   FileVer:    6.1.7600.16385
   ProdVer:    6.1.7600.16385

Module 40
C:\Windows\system32\IPHLPAPI.DLL
Image Base: 0x72d20000  Image Size: 0x0001c000
File Size:  103936      File Time:  2010-11-21_042434
Version:
   Company:    Microsoft Corporation
   Product:    Sistema operativo Microsoft® Windows®
   FileDesc:   API auxiliar para IP
   FileVer:    6.1.7601.17514
   ProdVer:    6.1.7601.17514

Module 41
C:\Windows\system32\WINNSI.DLL
Image Base: 0x72f80000  Image Size: 0x00007000
File Size:  16896       File Time:  2009-07-14_021620
Version:
   Company:    Microsoft Corporation
   Product:    Microsoft® Windows® Operating System
   FileDesc:   Network Store Information RPC interface
   FileVer:    6.1.7600.16385
   ProdVer:    6.1.7600.16385

Module 42
C:\Windows\system32\WTSAPI32.dll
Image Base: 0x73030000  Image Size: 0x0000d000
File Size:  40448       File Time:  2010-11-21_042356
Version:
   Company:    Microsoft Corporation
   Product:    Microsoft® Windows® Operating System
   FileDesc:   Windows Remote Desktop Session Host Server SDK APIs
   FileVer:    6.1.7601.17514
   ProdVer:    6.1.7601.17514

Module 43
C:\Windows\system32\webio.dll
Image Base: 0x73040000  Image Size: 0x0004f000
File Size:  314880      File Time:  2011-11-17_063504
Version:
   Company:    Microsoft Corporation
   Product:    Sistema operativo Microsoft® Windows®
   FileDesc:   API de protocolos de transferencia web
   FileVer:    6.1.7601.17725
   ProdVer:    6.1.7601.17725

Module 44
C:\Windows\system32\WINHTTP.dll
Image Base: 0x73090000  Image Size: 0x00058000
File Size:  351744      File Time:  2016-05-11_161926
Version:
   Company:    Microsoft Corporation
   Product:    Sistema operativo Microsoft® Windows®
   FileDesc:   Servicios HTTP de Windows
   FileVer:    6.1.7601.23451
   ProdVer:    6.1.7601.23451

Module 45
C:\Windows\system32\dbghelp.dll
Image Base: 0x73370000  Image Size: 0x000eb000
File Size:  854016      File Time:  2010-11-21_042410
Version:
   Company:    Microsoft Corporation
   Product:    Microsoft® Windows® Operating System
   FileDesc:   Windows Image Helper
   FileVer:    6.1.7601.17514
   ProdVer:    6.1.7601.17514

Module 46
C:\Windows\system32\NTDSAPI.dll
Image Base: 0x736d0000  Image Size: 0x00018000
File Size:  90112       File Time:  2009-07-14_021612
Version:
   Company:    Microsoft Corporation
   Product:    Microsoft® Windows® Operating System
   FileDesc:   Active Directory Domain Services API
   FileVer:    6.1.7600.16385
   ProdVer:    6.1.7600.16385

Module 47
C:\Windows\system32\nvspcap.dll
Image Base: 0x736f0000  Image Size: 0x00164000
File Size:  1452480     File Time:  2016-11-17_144534
Version:
   Company:    NVIDIA Corporation
   Product:    NVIDIA GeForce Experience
   FileDesc:   NVIDIA Capture Server Proxy
   FileVer:    3.1.2.31
   ProdVer:    3.1.2.31

Module 48
C:\Windows\system32\nvapi.dll
Image Base: 0x73860000  Image Size: 0x0037d000
File Size:  3479560     File Time:  2016-11-17_030442
Version:
   Company:    NVIDIA Corporation
   Product:    NVIDIA Windows drivers
   FileDesc:   NVIDIA NVAPI Library, Version 375.95 
   FileVer:    21.21.13.7595
   ProdVer:    21.21.13.7595

Module 49
C:\Windows\system32\wbem\fastprox.dll
Image Base: 0x73be0000  Image Size: 0x00096000
File Size:  606208      File Time:  2010-11-21_042426
Version:
   Company:    Microsoft Corporation
   Product:    Microsoft® Windows® Operating System
   FileDesc:   WMI Custom Marshaller
   FileVer:    6.1.7601.17514
   ProdVer:    6.1.7601.17514

Module 50
C:\Windows\system32\wbem\wbemsvc.dll
Image Base: 0x73e70000  Image Size: 0x0000f000
File Size:  47616       File Time:  2009-07-14_021618
Version:
   Company:    Microsoft Corporation
   Product:    Microsoft® Windows® Operating System
   FileDesc:   WMI
   FileVer:    6.1.7600.16385
   ProdVer:    6.1.7600.16385

Module 51
C:\Windows\system32\VERSION.dll
Image Base: 0x74970000  Image Size: 0x00009000
File Size:  21504       File Time:  2009-07-14_021618
Version:
   Company:    Microsoft Corporation
   Product:    Microsoft® Windows® Operating System
   FileDesc:   Version Checking and File Installation Libraries
   FileVer:    6.1.7600.16385
   ProdVer:    6.1.7600.16385

Module 52
C:\Windows\system32\uxtheme.dll
Image Base: 0x74980000  Image Size: 0x00080000
File Size:  245760      File Time:  2009-07-14_021126
Version:
   Company:    Microsoft Corporation
   Product:    Sistema operativo Microsoft® Windows®
   FileDesc:   Biblioteca UxTheme de Microsoft
   FileVer:    6.1.7600.16385
   ProdVer:    6.1.7600.16385

Module 53
C:\Windows\WinSxS\x86_microsoft.windows.common-controls_6595b64144ccf1df_6.0.7601.18837_none_41e855142bd5705d\comctl32.dll
Image Base: 0x74a00000  Image Size: 0x0019e000
File Size:  1680896     File Time:  2015-04-24_185414
Version:
   Company:    Microsoft Corporation
   Product:    Sistema operativo Microsoft® Windows®
   FileDesc:   Biblioteca de controles de la experiencia del usuario
   FileVer:    6.10.7601.18837
   ProdVer:    6.1.7601.18837

Module 54
C:\Windows\System32\PROPSYS.dll
Image Base: 0x74ba0000  Image Size: 0x000f5000
File Size:  988160      File Time:  2010-11-21_042410
Version:
   Company:    Microsoft Corporation
   Product:    Windows® Search
   FileDesc:   Sistema de propiedades de Microsoft
   FileVer:    7.0.7601.17514
   ProdVer:    7.0.7601.17514

Module 55
C:\Windows\syswow64\CRYPTBASE.dll
Image Base: 0x74d60000  Image Size: 0x0000c000
File Size:  36352       File Time:  2016-07-08_155052
Version:
   Company:    Microsoft Corporation
   Product:    Microsoft® Windows® Operating System
   FileDesc:   Base cryptographic API DLL
   FileVer:    6.1.7601.23497
   ProdVer:    6.1.7601.23497

Module 56
C:\Windows\syswow64\SspiCli.dll
Image Base: 0x74d70000  Image Size: 0x00060000
File Size:  96768       File Time:  2016-07-08_161702
Version:
   Company:    Microsoft Corporation
   Product:    Microsoft® Windows® Operating System
   FileDesc:   Security Support Provider Interface
   FileVer:    6.1.7601.23497
   ProdVer:    6.1.7601.23497

Module 57
C:\Windows\syswow64\MSASN1.dll
Image Base: 0x74e30000  Image Size: 0x0000c000
File Size:  34304       File Time:  2010-11-21_042350
Version:
   Company:    Microsoft Corporation
   Product:    Microsoft® Windows® Operating System
   FileDesc:   ASN.1 Runtime APIs
   FileVer:    6.1.7601.17514
   ProdVer:    6.1.7601.17514

Module 58
C:\Windows\syswow64\USER32.dll
Image Base: 0x74e40000  Image Size: 0x00100000
File Size:  833024      File Time:  2015-11-10_193740
Version:
   Company:    Microsoft Corporation
   Product:    Sistema operativo Microsoft® Windows®
   FileDesc:   Archivo DLL de cliente API USER de Windows multiusuario
   FileVer:    6.1.7601.19061
   ProdVer:    6.1.7601.19061

Module 59
C:\Windows\syswow64\KERNELBASE.dll
Image Base: 0x751a0000  Image Size: 0x00047000
File Size:  275456      File Time:  2016-04-09_075456
Version:
   Company:    Microsoft Corporation
   Product:    Sistema operativo Microsoft® Windows®
   FileDesc:   Archivo DLL de cliente API BASE de Windows NT
   FileVer:    6.1.7601.23418
   ProdVer:    6.1.7601.23418

Module 60
C:\Windows\syswow64\msvcrt.dll
Image Base: 0x751f0000  Image Size: 0x000ac000
File Size:  690688      File Time:  2011-12-16_085300
Version:
   Company:    Microsoft Corporation
   Product:    Microsoft® Windows® Operating System
   FileDesc:   Windows NT CRT DLL
   FileVer:    7.0.7601.17744
   ProdVer:    6.1.8638.17744

Module 61
C:\Windows\syswow64\kernel32.dll
Image Base: 0x752a0000  Image Size: 0x00110000
File Size:  1114112     File Time:  2016-04-09_075456
Version:
   Company:    Microsoft Corporation
   Product:    Sistema operativo Microsoft® Windows®
   FileDesc:   Archivo DLL de cliente API BASE de Windows NT
   FileVer:    6.1.7601.23418
   ProdVer:    6.1.7601.23418

Module 62
C:\Windows\syswow64\GDI32.dll
Image Base: 0x753b0000  Image Size: 0x00090000
File Size:  312832      File Time:  2016-05-18_171024
Version:
   Company:    Microsoft Corporation
   Product:    Microsoft® Windows® Operating System
   FileDesc:   GDI Client DLL
   FileVer:    6.1.7601.23457
   ProdVer:    6.1.7601.23457

Module 63
C:\Windows\syswow64\SETUPAPI.dll
Image Base: 0x75450000  Image Size: 0x0019d000
File Size:  1667584     File Time:  2010-11-21_042352
Version:
   Company:    Microsoft Corporation
   Product:    Sistema operativo Microsoft® Windows®
   FileDesc:   API de instalación de Windows
   FileVer:    6.1.7601.17514
   ProdVer:    6.1.7601.17514

Module 64
C:\Windows\syswow64\SHLWAPI.dll
Image Base: 0x755f0000  Image Size: 0x00057000
File Size:  350208      File Time:  2010-11-21_042350
Version:
   Company:    Microsoft Corporation
   Product:    Sistema operativo Microsoft® Windows®
   FileDesc:   Biblioteca de utilidades de Shell
   FileVer:    6.1.7601.17514
   ProdVer:    6.1.7601.17514

Module 65
C:\Windows\syswow64\DEVOBJ.dll
Image Base: 0x75650000  Image Size: 0x00012000
File Size:  64512       File Time:  2011-05-24_114006
Version:
   Company:    Microsoft Corporation
   Product:    Microsoft® Windows® Operating System
   FileDesc:   Device Information Set DLL
   FileVer:    6.1.7601.17621
   ProdVer:    6.1.7601.17621

Module 66
C:\Windows\syswow64\ole32.dll
Image Base: 0x758c0000  Image Size: 0x0015d000
File Size:  1414144     File Time:  2016-03-17_232822
Version:
   Company:    Microsoft Corporation
   Product:    Sistema operativo Microsoft® Windows®
   FileDesc:   Microsoft OLE para Windows
   FileVer:    6.1.7601.23392
   ProdVer:    6.1.7601.23392

Module 67
C:\Windows\syswow64\IMM32.dll
Image Base: 0x75a20000  Image Size: 0x00060000
File Size:  119808      File Time:  2010-11-21_042426
Version:
   Company:    Microsoft Corporation
   Product:    Microsoft® Windows® Operating System
   FileDesc:   Multi-User Windows IMM32 API Client DLL
   FileVer:    6.1.7601.17514
   ProdVer:    6.1.7601.17514

Module 68
C:\Windows\syswow64\CLBCatQ.DLL
Image Base: 0x75a80000  Image Size: 0x00083000
File Size:  522240      File Time:  2009-07-14_021504
Version:
   Company:    Microsoft Corporation
   Product:    Microsoft® Windows® Operating System
   FileDesc:   COM+ Configuration Catalog
   FileVer:    2001.12.8530.16385
   ProdVer:    6.1.7600.16385

Module 69
C:\Windows\syswow64\RPCRT4.dll
Image Base: 0x75b20000  Image Size: 0x000f0000
File Size:  666112      File Time:  2016-07-08_161702
Version:
   Company:    Microsoft Corporation
   Product:    Sistema operativo Microsoft® Windows®
   FileDesc:   Tiempo de ejecución de llamada a procedimiento remoto
   FileVer:    6.1.7601.23497
   ProdVer:    6.1.7601.23497

Module 70
C:\Windows\syswow64\ADVAPI32.dll
Image Base: 0x75c40000  Image Size: 0x000a1000
File Size:  644096      File Time:  2016-04-09_075444
Version:
   Company:    Microsoft Corporation
   Product:    Sistema operativo Microsoft® Windows®
   FileDesc:   API base de Windows 32 avanzado
   FileVer:    6.1.7601.23418
   ProdVer:    6.1.7601.23418

Module 71
C:\Windows\syswow64\CFGMGR32.dll
Image Base: 0x75d00000  Image Size: 0x00027000
File Size:  145920      File Time:  2011-05-24_113940
Version:
   Company:    Microsoft Corporation
   Product:    Microsoft® Windows® Operating System
   FileDesc:   Configuration Manager DLL
   FileVer:    6.1.7601.17621
   ProdVer:    6.1.7601.17621

Module 72
C:\Windows\syswow64\SHELL32.dll
Image Base: 0x75d30000  Image Size: 0x00c4b000
File Size:  12875776    File Time:  2015-08-06_184452
Version:
   Company:    Microsoft Corporation
   Product:    Sistema operativo Microsoft® Windows®
   FileDesc:   Archivo DLL común del shell de Windows
   FileVer:    6.1.7601.18952
   ProdVer:    6.1.7601.18952

Module 73
C:\Windows\syswow64\PSAPI.DLL
Image Base: 0x76980000  Image Size: 0x00005000
File Size:  6144        File Time:  2009-07-14_021614
Version:
   Company:    Microsoft Corporation
   Product:    Microsoft® Windows® Operating System
   FileDesc:   Process Status Helper
   FileVer:    6.1.7600.16385
   ProdVer:    6.1.7600.16385

Module 74
C:\Windows\SysWOW64\sechost.dll
Image Base: 0x76990000  Image Size: 0x00019000
File Size:  92160       File Time:  2009-07-14_021614
Version:
   Company:    Microsoft Corporation
   Product:    Microsoft® Windows® Operating System
   FileDesc:   Host for SCM/SDDL/LSA Lookup APIs
   FileVer:    6.1.7600.16385
   ProdVer:    6.1.7600.16385

Module 75
C:\Windows\syswow64\profapi.dll
Image Base: 0x76a30000  Image Size: 0x0000b000
File Size:  31744       File Time:  2009-07-14_021614
Version:
   Company:    Microsoft Corporation
   Product:    Microsoft® Windows® Operating System
   FileDesc:   User Profile Basic API
   FileVer:    6.1.7600.16385
   ProdVer:    6.1.7600.16385

Module 76
C:\Windows\syswow64\LPK.dll
Image Base: 0x76a40000  Image Size: 0x0000a000
File Size:  25600       File Time:  2016-05-13_225006
Version:
   Company:    Microsoft Corporation
   Product:    Microsoft® Windows® Operating System
   FileDesc:   Language Pack
   FileVer:    6.1.7601.23453
   ProdVer:    6.1.7601.23453

Module 77
C:\Windows\syswow64\WS2_32.dll
Image Base: 0x76a50000  Image Size: 0x00035000
File Size:  206336      File Time:  2016-05-11_161928
Version:
   Company:    Microsoft Corporation
   Product:    Sistema operativo Microsoft® Windows®
   FileDesc:   DLL de 32 bits de Windows Socket 2.0
   FileVer:    6.1.7601.23451
   ProdVer:    6.1.7601.23451

Module 78
C:\Windows\syswow64\MSCTF.dll
Image Base: 0x76aa0000  Image Size: 0x000cc000
File Size:  828928      File Time:  2015-01-17_033044
Version:
   Company:    Microsoft Corporation
   Product:    Sistema operativo Microsoft® Windows®
   FileDesc:   Archivo DLL del servidor MSCTF
   FileVer:    6.1.7601.18731
   ProdVer:    6.1.7601.18731

Module 79
C:\Windows\syswow64\OLEAUT32.dll
Image Base: 0x76c00000  Image Size: 0x0008f000
File Size:  572416      File Time:  2016-02-03_194928
Version:
   Company:    Microsoft Corporation
   Product:    
   FileDesc:   
   FileVer:    6.1.7601.19144
   ProdVer:    6.1.7601.19144

Module 80
C:\Windows\syswow64\CRYPT32.dll
Image Base: 0x76ca0000  Image Size: 0x00121000
File Size:  1174528     File Time:  2015-02-03_041216
Version:
   Company:    Microsoft Corporation
   Product:    Sistema operativo Microsoft® Windows®
   FileDesc:   Crypto API32
   FileVer:    6.1.7601.18741
   ProdVer:    6.1.7601.18741

Module 81
C:\Windows\syswow64\NSI.dll
Image Base: 0x76f80000  Image Size: 0x00006000
File Size:  8704        File Time:  2009-07-14_021612
Version:
   Company:    Microsoft Corporation
   Product:    Microsoft® Windows® Operating System
   FileDesc:   NSI User-mode interface DLL
   FileVer:    6.1.7600.16385
   ProdVer:    6.1.7600.16385

Module 82
C:\Windows\syswow64\USP10.dll
Image Base: 0x76f90000  Image Size: 0x0009d000
File Size:  627712      File Time:  2015-11-03_195620
Version:
   Company:    Microsoft Corporation
   Product:    Microsoft(R) Uniscribe Unicode script processor
   FileDesc:   Uniscribe Unicode script processor
   FileVer:    1.626.7601.19054
   ProdVer:    1.626.7601.19054

Module 83
C:\Windows\syswow64\WINTRUST.dll
Image Base: 0x77030000  Image Size: 0x0002f000
File Size:  179200      File Time:  2015-02-03_041250
Version:
   Company:    Microsoft Corporation
   Product:    Microsoft® Windows® Operating System
   FileDesc:   Microsoft Trust Verification APIs
   FileVer:    6.1.7601.18741
   ProdVer:    6.1.7601.18741

Module 84
C:\Windows\SysWOW64\ntdll.dll
Image Base: 0x77460000  Image Size: 0x00180000
File Size:  1314112     File Time:  2016-04-09_075736
Version:
   Company:    Microsoft Corporation
   Product:    Sistema operativo Microsoft® Windows®
   FileDesc:   DLL del nivel de Windows NT
   FileVer:    6.1.7601.23418
   ProdVer:    6.1.7601.23418


== [end of error.log] ==
